{"D:\\React-native\\parking_app\\Components\\Payment.tsx": {"path":"D:\\React-native\\parking_app\\Components\\Payment.tsx","statementMap":{"0":{"start":{"line":9,"column":21},"end":{"line":9,"column":40}},"1":{"start":{"line":12,"column":28},"end":{"line":30,"column":5}},"2":{"start":{"line":13,"column":19},"end":{"line":13,"column":40}},"3":{"start":{"line":14,"column":8},"end":{"line":28,"column":11}},"4":{"start":{"line":15,"column":12},"end":{"line":27,"column":13}},"5":{"start":{"line":16,"column":16},"end":{"line":23,"column":17}},"6":{"start":{"line":26,"column":16},"end":{"line":26,"column":28}},"7":{"start":{"line":29,"column":8},"end":{"line":29,"column":41}},"8":{"start":{"line":31,"column":4},"end":{"line":43,"column":6}},"9":{"start":{"line":40,"column":16},"end":{"line":40,"column":33}},"10":{"start":{"line":46,"column":15},"end":{"line":55,"column":2}}},"fnMap":{"0":{"name":"Payment","decl":{"start":{"line":8,"column":9},"end":{"line":8,"column":16}},"loc":{"start":{"line":8,"column":41},"end":{"line":44,"column":1}},"line":8},"1":{"name":"(anonymous_1)","decl":{"start":{"line":12,"column":28},"end":{"line":12,"column":29}},"loc":{"start":{"line":12,"column":38},"end":{"line":30,"column":5}},"line":12},"2":{"name":"(anonymous_2)","decl":{"start":{"line":14,"column":67},"end":{"line":14,"column":68}},"loc":{"start":{"line":14,"column":92},"end":{"line":28,"column":9}},"line":14},"3":{"name":"(anonymous_3)","decl":{"start":{"line":39,"column":21},"end":{"line":39,"column":22}},"loc":{"start":{"line":39,"column":25},"end":{"line":41,"column":13}},"line":39}},"branchMap":{"0":{"loc":{"start":{"line":15,"column":12},"end":{"line":27,"column":13}},"type":"if","locations":[{"start":{"line":15,"column":12},"end":{"line":27,"column":13}},{"start":{"line":25,"column":16},"end":{"line":27,"column":13}}],"line":15}},"s":{"0":2,"1":2,"2":1,"3":1,"4":2,"5":1,"6":1,"7":1,"8":2,"9":1,"10":1},"f":{"0":2,"1":1,"2":2,"3":1},"b":{"0":[1,1]},"_coverageSchema":"1a1c01bbd47fc00a2c39e90264f33305004495a9","hash":"381ec12a08adc828bb08fe3ea02adaf23cdfefc0"}
,"D:\\React-native\\parking_app\\Components\\screen\\CheckOut.tsx": {"path":"D:\\React-native\\parking_app\\Components\\screen\\CheckOut.tsx","statementMap":{"0":{"start":{"line":9,"column":48},"end":{"line":9,"column":65}},"1":{"start":{"line":10,"column":32},"end":{"line":10,"column":50}},"2":{"start":{"line":11,"column":21},"end":{"line":11,"column":40}},"3":{"start":{"line":14,"column":27},"end":{"line":28,"column":5}},"4":{"start":{"line":15,"column":26},"end":{"line":15,"column":47}},"5":{"start":{"line":16,"column":8},"end":{"line":16,"column":54}},"6":{"start":{"line":17,"column":26},"end":{"line":17,"column":69}},"7":{"start":{"line":18,"column":8},"end":{"line":18,"column":28}},"8":{"start":{"line":19,"column":27},"end":{"line":19,"column":71}},"9":{"start":{"line":20,"column":31},"end":{"line":20,"column":93}},"10":{"start":{"line":21,"column":8},"end":{"line":26,"column":9}},"11":{"start":{"line":22,"column":12},"end":{"line":22,"column":25}},"12":{"start":{"line":25,"column":12},"end":{"line":25,"column":47}},"13":{"start":{"line":30,"column":27},"end":{"line":36,"column":5}},"14":{"start":{"line":31,"column":11},"end":{"line":31,"column":42}},"15":{"start":{"line":32,"column":11},"end":{"line":35,"column":13}},"16":{"start":{"line":38,"column":4},"end":{"line":40,"column":9}},"17":{"start":{"line":39,"column":8},"end":{"line":39,"column":25}},"18":{"start":{"line":42,"column":4},"end":{"line":62,"column":6}},"19":{"start":{"line":57,"column":15},"end":{"line":57,"column":48}},"20":{"start":{"line":65,"column":15},"end":{"line":84,"column":2}}},"fnMap":{"0":{"name":"CheckOut","decl":{"start":{"line":8,"column":9},"end":{"line":8,"column":17}},"loc":{"start":{"line":8,"column":42},"end":{"line":63,"column":1}},"line":8},"1":{"name":"(anonymous_1)","decl":{"start":{"line":14,"column":27},"end":{"line":14,"column":28}},"loc":{"start":{"line":14,"column":36},"end":{"line":28,"column":5}},"line":14},"2":{"name":"(anonymous_2)","decl":{"start":{"line":30,"column":27},"end":{"line":30,"column":28}},"loc":{"start":{"line":30,"column":46},"end":{"line":36,"column":5}},"line":30},"3":{"name":"(anonymous_3)","decl":{"start":{"line":38,"column":14},"end":{"line":38,"column":15}},"loc":{"start":{"line":38,"column":18},"end":{"line":40,"column":5}},"line":38},"4":{"name":"(anonymous_4)","decl":{"start":{"line":56,"column":21},"end":{"line":56,"column":22}},"loc":{"start":{"line":56,"column":25},"end":{"line":58,"column":13}},"line":56}},"branchMap":{"0":{"loc":{"start":{"line":21,"column":8},"end":{"line":26,"column":9}},"type":"if","locations":[{"start":{"line":21,"column":8},"end":{"line":26,"column":9}},{"start":{"line":24,"column":12},"end":{"line":26,"column":9}}],"line":21},"1":{"loc":{"start":{"line":46,"column":56},"end":{"line":46,"column":127}},"type":"cond-expr","locations":[{"start":{"line":46,"column":93},"end":{"line":46,"column":117}},{"start":{"line":46,"column":118},"end":{"line":46,"column":127}}],"line":46},"2":{"loc":{"start":{"line":47,"column":62},"end":{"line":47,"column":142}},"type":"cond-expr","locations":[{"start":{"line":47,"column":99},"end":{"line":47,"column":132}},{"start":{"line":47,"column":133},"end":{"line":47,"column":142}}],"line":47},"3":{"loc":{"start":{"line":48,"column":81},"end":{"line":48,"column":161}},"type":"cond-expr","locations":[{"start":{"line":48,"column":118},"end":{"line":48,"column":151}},{"start":{"line":48,"column":152},"end":{"line":48,"column":161}}],"line":48},"4":{"loc":{"start":{"line":49,"column":82},"end":{"line":49,"column":163}},"type":"cond-expr","locations":[{"start":{"line":49,"column":119},"end":{"line":49,"column":153}},{"start":{"line":49,"column":154},"end":{"line":49,"column":163}}],"line":49}},"s":{"0":6,"1":6,"2":6,"3":6,"4":2,"5":2,"6":2,"7":2,"8":2,"9":2,"10":2,"11":2,"12":0,"13":6,"14":1,"15":1,"16":6,"17":2,"18":6,"19":1,"20":1},"f":{"0":6,"1":2,"2":1,"3":2,"4":1},"b":{"0":[2,0],"1":[4,2],"2":[4,2],"3":[4,2],"4":[4,2]},"_coverageSchema":"1a1c01bbd47fc00a2c39e90264f33305004495a9","hash":"cbb2223a2adb5ae35c4b50b202745cc3b6165f7d"}
,"D:\\React-native\\parking_app\\Components\\screen\\HomePage.tsx": {"path":"D:\\React-native\\parking_app\\Components\\screen\\HomePage.tsx","statementMap":{"0":{"start":{"line":8,"column":31},"end":{"line":8,"column":51}},"1":{"start":{"line":10,"column":21},"end":{"line":10,"column":40}},"2":{"start":{"line":12,"column":32},"end":{"line":28,"column":5}},"3":{"start":{"line":13,"column":18},"end":{"line":13,"column":20}},"4":{"start":{"line":14,"column":8},"end":{"line":24,"column":9}},"5":{"start":{"line":14,"column":18},"end":{"line":14,"column":19}},"6":{"start":{"line":15,"column":23},"end":{"line":22,"column":13}},"7":{"start":{"line":23,"column":12},"end":{"line":23,"column":37}},"8":{"start":{"line":25,"column":7},"end":{"line":25,"column":46}},"9":{"start":{"line":26,"column":7},"end":{"line":26,"column":42}},"10":{"start":{"line":27,"column":7},"end":{"line":27,"column":40}},"11":{"start":{"line":30,"column":5},"end":{"line":51,"column":6}},"12":{"start":{"line":47,"column":16},"end":{"line":47,"column":37}},"13":{"start":{"line":54,"column":15},"end":{"line":67,"column":2}}},"fnMap":{"0":{"name":"HomePage","decl":{"start":{"line":7,"column":9},"end":{"line":7,"column":17}},"loc":{"start":{"line":7,"column":36},"end":{"line":52,"column":1}},"line":7},"1":{"name":"(anonymous_1)","decl":{"start":{"line":12,"column":32},"end":{"line":12,"column":33}},"loc":{"start":{"line":12,"column":42},"end":{"line":28,"column":5}},"line":12},"2":{"name":"(anonymous_2)","decl":{"start":{"line":46,"column":21},"end":{"line":46,"column":22}},"loc":{"start":{"line":46,"column":25},"end":{"line":48,"column":13}},"line":46}},"branchMap":{},"s":{"0":2,"1":2,"2":2,"3":1,"4":1,"5":1,"6":1,"7":1,"8":1,"9":1,"10":1,"11":2,"12":1,"13":1},"f":{"0":2,"1":1,"2":1},"b":{},"_coverageSchema":"1a1c01bbd47fc00a2c39e90264f33305004495a9","hash":"6c40ea5af0966226ecfeed76524ef160c6dd4f5b"}
,"D:\\React-native\\parking_app\\Components\\screen\\ParkingLot.tsx": {"path":"D:\\React-native\\parking_app\\Components\\screen\\ParkingLot.tsx","statementMap":{"0":{"start":{"line":8,"column":56},"end":{"line":8,"column":80}},"1":{"start":{"line":9,"column":54},"end":{"line":9,"column":78}},"2":{"start":{"line":10,"column":36},"end":{"line":10,"column":56}},"3":{"start":{"line":11,"column":24},"end":{"line":11,"column":43}},"4":{"start":{"line":13,"column":22},"end":{"line":33,"column":3}},"5":{"start":{"line":17,"column":21},"end":{"line":17,"column":83}},"6":{"start":{"line":18,"column":4},"end":{"line":32,"column":6}},"7":{"start":{"line":20,"column":8},"end":{"line":30,"column":9}},"8":{"start":{"line":21,"column":10},"end":{"line":27,"column":12}},"9":{"start":{"line":29,"column":10},"end":{"line":29,"column":22}},"10":{"start":{"line":35,"column":32},"end":{"line":47,"column":3}},"11":{"start":{"line":36,"column":4},"end":{"line":36,"column":21}},"12":{"start":{"line":37,"column":34},"end":{"line":41,"column":5}},"13":{"start":{"line":39,"column":8},"end":{"line":39,"column":38}},"14":{"start":{"line":42,"column":4},"end":{"line":46,"column":5}},"15":{"start":{"line":43,"column":6},"end":{"line":43,"column":40}},"16":{"start":{"line":45,"column":6},"end":{"line":45,"column":35}},"17":{"start":{"line":49,"column":26},"end":{"line":65,"column":3}},"18":{"start":{"line":50,"column":4},"end":{"line":61,"column":6}},"19":{"start":{"line":52,"column":8},"end":{"line":59,"column":9}},"20":{"start":{"line":53,"column":10},"end":{"line":56,"column":12}},"21":{"start":{"line":58,"column":10},"end":{"line":58,"column":22}},"22":{"start":{"line":62,"column":4},"end":{"line":64,"column":7}},"23":{"start":{"line":67,"column":2},"end":{"line":180,"column":4}},"24":{"start":{"line":81,"column":14},"end":{"line":81,"column":38}},"25":{"start":{"line":94,"column":14},"end":{"line":120,"column":16}},"26":{"start":{"line":113,"column":24},"end":{"line":113,"column":58}},"27":{"start":{"line":143,"column":14},"end":{"line":143,"column":28}},"28":{"start":{"line":144,"column":14},"end":{"line":144,"column":44}},"29":{"start":{"line":156,"column":14},"end":{"line":156,"column":44}},"30":{"start":{"line":171,"column":16},"end":{"line":171,"column":45}},"31":{"start":{"line":183,"column":15},"end":{"line":246,"column":2}}},"fnMap":{"0":{"name":"ParkingLot","decl":{"start":{"line":7,"column":9},"end":{"line":7,"column":19}},"loc":{"start":{"line":7,"column":41},"end":{"line":181,"column":1}},"line":7},"1":{"name":"(anonymous_1)","decl":{"start":{"line":13,"column":22},"end":{"line":13,"column":23}},"loc":{"start":{"line":13,"column":34},"end":{"line":33,"column":3}},"line":13},"2":{"name":"(anonymous_2)","decl":{"start":{"line":19,"column":33},"end":{"line":19,"column":34}},"loc":{"start":{"line":19,"column":63},"end":{"line":31,"column":7}},"line":19},"3":{"name":"(anonymous_3)","decl":{"start":{"line":35,"column":32},"end":{"line":35,"column":33}},"loc":{"start":{"line":35,"column":44},"end":{"line":47,"column":3}},"line":35},"4":{"name":"(anonymous_4)","decl":{"start":{"line":38,"column":6},"end":{"line":38,"column":7}},"loc":{"start":{"line":38,"column":21},"end":{"line":40,"column":7}},"line":38},"5":{"name":"(anonymous_5)","decl":{"start":{"line":49,"column":26},"end":{"line":49,"column":27}},"loc":{"start":{"line":49,"column":48},"end":{"line":65,"column":3}},"line":49},"6":{"name":"(anonymous_6)","decl":{"start":{"line":51,"column":33},"end":{"line":51,"column":34}},"loc":{"start":{"line":51,"column":63},"end":{"line":60,"column":7}},"line":51},"7":{"name":"(anonymous_7)","decl":{"start":{"line":80,"column":21},"end":{"line":80,"column":22}},"loc":{"start":{"line":80,"column":27},"end":{"line":82,"column":13}},"line":80},"8":{"name":"(anonymous_8)","decl":{"start":{"line":93,"column":24},"end":{"line":93,"column":25}},"loc":{"start":{"line":93,"column":38},"end":{"line":121,"column":13}},"line":93},"9":{"name":"(anonymous_9)","decl":{"start":{"line":112,"column":31},"end":{"line":112,"column":32}},"loc":{"start":{"line":112,"column":37},"end":{"line":114,"column":23}},"line":112},"10":{"name":"(anonymous_10)","decl":{"start":{"line":142,"column":21},"end":{"line":142,"column":22}},"loc":{"start":{"line":142,"column":27},"end":{"line":145,"column":13}},"line":142},"11":{"name":"(anonymous_11)","decl":{"start":{"line":155,"column":21},"end":{"line":155,"column":22}},"loc":{"start":{"line":155,"column":27},"end":{"line":157,"column":13}},"line":155},"12":{"name":"(anonymous_12)","decl":{"start":{"line":170,"column":23},"end":{"line":170,"column":24}},"loc":{"start":{"line":170,"column":29},"end":{"line":172,"column":15}},"line":170}},"branchMap":{"0":{"loc":{"start":{"line":20,"column":8},"end":{"line":30,"column":9}},"type":"if","locations":[{"start":{"line":20,"column":8},"end":{"line":30,"column":9}},{"start":{"line":28,"column":15},"end":{"line":30,"column":9}}],"line":20},"1":{"loc":{"start":{"line":42,"column":4},"end":{"line":46,"column":5}},"type":"if","locations":[{"start":{"line":42,"column":4},"end":{"line":46,"column":5}},{"start":{"line":44,"column":11},"end":{"line":46,"column":5}}],"line":42},"2":{"loc":{"start":{"line":52,"column":8},"end":{"line":59,"column":9}},"type":"if","locations":[{"start":{"line":52,"column":8},"end":{"line":59,"column":9}},{"start":{"line":57,"column":15},"end":{"line":59,"column":9}}],"line":52},"3":{"loc":{"start":{"line":71,"column":19},"end":{"line":71,"column":78}},"type":"cond-expr","locations":[{"start":{"line":71,"column":63},"end":{"line":71,"column":69}},{"start":{"line":71,"column":72},"end":{"line":71,"column":78}}],"line":71},"4":{"loc":{"start":{"line":71,"column":19},"end":{"line":71,"column":60}},"type":"binary-expr","locations":[{"start":{"line":71,"column":19},"end":{"line":71,"column":38}},{"start":{"line":71,"column":42},"end":{"line":71,"column":60}}],"line":71},"5":{"loc":{"start":{"line":105,"column":19},"end":{"line":118,"column":19}},"type":"binary-expr","locations":[{"start":{"line":105,"column":19},"end":{"line":105,"column":41}},{"start":{"line":106,"column":20},"end":{"line":117,"column":29}}],"line":105},"6":{"loc":{"start":{"line":125,"column":7},"end":{"line":161,"column":7}},"type":"binary-expr","locations":[{"start":{"line":125,"column":7},"end":{"line":125,"column":26}},{"start":{"line":126,"column":8},"end":{"line":160,"column":15}}],"line":125},"7":{"loc":{"start":{"line":162,"column":7},"end":{"line":178,"column":7}},"type":"binary-expr","locations":[{"start":{"line":162,"column":7},"end":{"line":162,"column":25}},{"start":{"line":163,"column":8},"end":{"line":177,"column":15}}],"line":162}},"s":{"0":11,"1":11,"2":11,"3":11,"4":11,"5":1,"6":1,"7":2,"8":1,"9":1,"10":11,"11":3,"12":3,"13":5,"14":3,"15":1,"16":2,"17":11,"18":2,"19":3,"20":2,"21":1,"22":2,"23":11,"24":3,"25":15,"26":2,"27":1,"28":1,"29":1,"30":1,"31":1},"f":{"0":11,"1":1,"2":2,"3":3,"4":5,"5":2,"6":3,"7":3,"8":15,"9":2,"10":1,"11":1,"12":1},"b":{"0":[1,1],"1":[1,2],"2":[2,1],"3":[4,7],"4":[11,8],"5":[15,9],"6":[11,3],"7":[11,1]},"_coverageSchema":"1a1c01bbd47fc00a2c39e90264f33305004495a9","hash":"17f1508d7d72607a2eef3fe17abcd8da6261ce08"}
,"D:\\React-native\\parking_app\\Context\\Context.tsx": {"path":"D:\\React-native\\parking_app\\Context\\Context.tsx","statementMap":{"0":{"start":{"line":4,"column":23},"end":{"line":7,"column":2}},"1":{"start":{"line":9,"column":46},"end":{"line":9,"column":56}},"2":{"start":{"line":11,"column":24},"end":{"line":14,"column":5}},"3":{"start":{"line":15,"column":4},"end":{"line":20,"column":6}}},"fnMap":{"0":{"name":"(anonymous_0)","decl":{"start":{"line":6,"column":17},"end":{"line":6,"column":18}},"loc":{"start":{"line":6,"column":26},"end":{"line":6,"column":28}},"line":6},"1":{"name":"ContextProvider","decl":{"start":{"line":8,"column":9},"end":{"line":8,"column":24}},"loc":{"start":{"line":8,"column":41},"end":{"line":21,"column":1}},"line":8}},"branchMap":{},"s":{"0":5,"1":1,"2":1,"3":1},"f":{"0":1,"1":1},"b":{},"_coverageSchema":"1a1c01bbd47fc00a2c39e90264f33305004495a9","hash":"651f39b066e1700433193cf2bf0f492e71e32950"}
,"D:\\React-native\\parking_app\\action\\postApi.ts": {"path":"D:\\React-native\\parking_app\\action\\postApi.ts","statementMap":{"0":{"start":{"line":3,"column":16},"end":{"line":5,"column":2}},"1":{"start":{"line":8,"column":17},"end":{"line":8,"column":66}},"2":{"start":{"line":9,"column":4},"end":{"line":9,"column":42}}},"fnMap":{"0":{"name":"postData","decl":{"start":{"line":7,"column":16},"end":{"line":7,"column":24}},"loc":{"start":{"line":7,"column":45},"end":{"line":10,"column":1}},"line":7}},"branchMap":{},"s":{"0":1,"1":1,"2":1},"f":{"0":1},"b":{},"_coverageSchema":"1a1c01bbd47fc00a2c39e90264f33305004495a9","hash":"347f477ce7728ed965950a290792bfcea0562122"}
}
