{"D:\\React-native\\parking_app\\Components\\screen\\CheckOut.tsx": {"path":"D:\\React-native\\parking_app\\Components\\screen\\CheckOut.tsx","statementMap":{"0":{"start":{"line":8,"column":48},"end":{"line":8,"column":65}},"1":{"start":{"line":9,"column":32},"end":{"line":9,"column":50}},"2":{"start":{"line":10,"column":21},"end":{"line":10,"column":40}},"3":{"start":{"line":13,"column":27},"end":{"line":27,"column":5}},"4":{"start":{"line":14,"column":26},"end":{"line":14,"column":47}},"5":{"start":{"line":15,"column":8},"end":{"line":15,"column":54}},"6":{"start":{"line":16,"column":26},"end":{"line":16,"column":69}},"7":{"start":{"line":17,"column":8},"end":{"line":17,"column":28}},"8":{"start":{"line":18,"column":27},"end":{"line":18,"column":71}},"9":{"start":{"line":19,"column":31},"end":{"line":19,"column":93}},"10":{"start":{"line":20,"column":8},"end":{"line":25,"column":9}},"11":{"start":{"line":21,"column":12},"end":{"line":21,"column":25}},"12":{"start":{"line":24,"column":12},"end":{"line":24,"column":47}},"13":{"start":{"line":29,"column":27},"end":{"line":35,"column":5}},"14":{"start":{"line":30,"column":11},"end":{"line":30,"column":42}},"15":{"start":{"line":31,"column":11},"end":{"line":34,"column":13}},"16":{"start":{"line":37,"column":4},"end":{"line":39,"column":9}},"17":{"start":{"line":38,"column":8},"end":{"line":38,"column":25}},"18":{"start":{"line":41,"column":4},"end":{"line":59,"column":6}},"19":{"start":{"line":55,"column":15},"end":{"line":55,"column":48}},"20":{"start":{"line":62,"column":15},"end":{"line":81,"column":2}}},"fnMap":{"0":{"name":"CheckOut","decl":{"start":{"line":7,"column":9},"end":{"line":7,"column":17}},"loc":{"start":{"line":7,"column":42},"end":{"line":60,"column":1}},"line":7},"1":{"name":"(anonymous_1)","decl":{"start":{"line":13,"column":27},"end":{"line":13,"column":28}},"loc":{"start":{"line":13,"column":36},"end":{"line":27,"column":5}},"line":13},"2":{"name":"(anonymous_2)","decl":{"start":{"line":29,"column":27},"end":{"line":29,"column":28}},"loc":{"start":{"line":29,"column":46},"end":{"line":35,"column":5}},"line":29},"3":{"name":"(anonymous_3)","decl":{"start":{"line":37,"column":14},"end":{"line":37,"column":15}},"loc":{"start":{"line":37,"column":18},"end":{"line":39,"column":5}},"line":37},"4":{"name":"(anonymous_4)","decl":{"start":{"line":54,"column":21},"end":{"line":54,"column":22}},"loc":{"start":{"line":54,"column":25},"end":{"line":56,"column":13}},"line":54}},"branchMap":{"0":{"loc":{"start":{"line":20,"column":8},"end":{"line":25,"column":9}},"type":"if","locations":[{"start":{"line":20,"column":8},"end":{"line":25,"column":9}},{"start":{"line":23,"column":12},"end":{"line":25,"column":9}}],"line":20},"1":{"loc":{"start":{"line":45,"column":56},"end":{"line":45,"column":127}},"type":"cond-expr","locations":[{"start":{"line":45,"column":93},"end":{"line":45,"column":117}},{"start":{"line":45,"column":118},"end":{"line":45,"column":127}}],"line":45},"2":{"loc":{"start":{"line":46,"column":62},"end":{"line":46,"column":142}},"type":"cond-expr","locations":[{"start":{"line":46,"column":99},"end":{"line":46,"column":132}},{"start":{"line":46,"column":133},"end":{"line":46,"column":142}}],"line":46},"3":{"loc":{"start":{"line":47,"column":81},"end":{"line":47,"column":161}},"type":"cond-expr","locations":[{"start":{"line":47,"column":118},"end":{"line":47,"column":151}},{"start":{"line":47,"column":152},"end":{"line":47,"column":161}}],"line":47},"4":{"loc":{"start":{"line":48,"column":82},"end":{"line":48,"column":163}},"type":"cond-expr","locations":[{"start":{"line":48,"column":119},"end":{"line":48,"column":153}},{"start":{"line":48,"column":154},"end":{"line":48,"column":163}}],"line":48}},"s":{"0":6,"1":6,"2":6,"3":6,"4":2,"5":2,"6":2,"7":2,"8":2,"9":2,"10":2,"11":2,"12":0,"13":6,"14":1,"15":1,"16":6,"17":2,"18":6,"19":1,"20":1},"f":{"0":6,"1":2,"2":1,"3":2,"4":1},"b":{"0":[2,0],"1":[4,2],"2":[4,2],"3":[4,2],"4":[4,2]},"_coverageSchema":"1a1c01bbd47fc00a2c39e90264f33305004495a9","hash":"bcc1f5fa569ebca8d1f85003d9ccb2688425da4e"}
,"D:\\React-native\\parking_app\\Components\\screen\\HomePage.tsx": {"path":"D:\\React-native\\parking_app\\Components\\screen\\HomePage.tsx","statementMap":{"0":{"start":{"line":7,"column":28},"end":{"line":7,"column":48}},"1":{"start":{"line":8,"column":19},"end":{"line":8,"column":38}},"2":{"start":{"line":10,"column":30},"end":{"line":26,"column":3}},"3":{"start":{"line":11,"column":16},"end":{"line":11,"column":18}},"4":{"start":{"line":12,"column":4},"end":{"line":22,"column":5}},"5":{"start":{"line":12,"column":17},"end":{"line":12,"column":18}},"6":{"start":{"line":13,"column":19},"end":{"line":20,"column":7}},"7":{"start":{"line":21,"column":6},"end":{"line":21,"column":31}},"8":{"start":{"line":23,"column":4},"end":{"line":23,"column":43}},"9":{"start":{"line":24,"column":4},"end":{"line":24,"column":40}},"10":{"start":{"line":25,"column":4},"end":{"line":25,"column":38}},"11":{"start":{"line":28,"column":2},"end":{"line":53,"column":4}},"12":{"start":{"line":46,"column":10},"end":{"line":46,"column":32}},"13":{"start":{"line":56,"column":15},"end":{"line":69,"column":2}}},"fnMap":{"0":{"name":"HomePage","decl":{"start":{"line":6,"column":9},"end":{"line":6,"column":17}},"loc":{"start":{"line":6,"column":39},"end":{"line":54,"column":1}},"line":6},"1":{"name":"(anonymous_1)","decl":{"start":{"line":10,"column":30},"end":{"line":10,"column":31}},"loc":{"start":{"line":10,"column":42},"end":{"line":26,"column":3}},"line":10},"2":{"name":"(anonymous_2)","decl":{"start":{"line":45,"column":17},"end":{"line":45,"column":18}},"loc":{"start":{"line":45,"column":23},"end":{"line":47,"column":9}},"line":45}},"branchMap":{},"s":{"0":2,"1":2,"2":2,"3":1,"4":1,"5":1,"6":1,"7":1,"8":1,"9":1,"10":1,"11":2,"12":1,"13":1},"f":{"0":2,"1":1,"2":1},"b":{},"_coverageSchema":"1a1c01bbd47fc00a2c39e90264f33305004495a9","hash":"d80f02849825a943aad2bdef1362a6feb3158020"}
,"D:\\React-native\\parking_app\\Components\\screen\\ParkingLot.tsx": {"path":"D:\\React-native\\parking_app\\Components\\screen\\ParkingLot.tsx","statementMap":{"0":{"start":{"line":13,"column":55},"end":{"line":13,"column":79}},"1":{"start":{"line":14,"column":54},"end":{"line":14,"column":78}},"2":{"start":{"line":15,"column":36},"end":{"line":15,"column":56}},"3":{"start":{"line":16,"column":24},"end":{"line":16,"column":43}},"4":{"start":{"line":18,"column":22},"end":{"line":40,"column":3}},"5":{"start":{"line":22,"column":21},"end":{"line":24,"column":5}},"6":{"start":{"line":25,"column":4},"end":{"line":39,"column":6}},"7":{"start":{"line":27,"column":8},"end":{"line":37,"column":9}},"8":{"start":{"line":28,"column":10},"end":{"line":34,"column":12}},"9":{"start":{"line":36,"column":10},"end":{"line":36,"column":22}},"10":{"start":{"line":42,"column":32},"end":{"line":54,"column":3}},"11":{"start":{"line":43,"column":4},"end":{"line":43,"column":21}},"12":{"start":{"line":44,"column":34},"end":{"line":48,"column":5}},"13":{"start":{"line":46,"column":8},"end":{"line":46,"column":38}},"14":{"start":{"line":49,"column":4},"end":{"line":53,"column":5}},"15":{"start":{"line":50,"column":6},"end":{"line":50,"column":40}},"16":{"start":{"line":52,"column":6},"end":{"line":52,"column":35}},"17":{"start":{"line":56,"column":26},"end":{"line":72,"column":3}},"18":{"start":{"line":57,"column":4},"end":{"line":68,"column":6}},"19":{"start":{"line":59,"column":8},"end":{"line":66,"column":9}},"20":{"start":{"line":60,"column":10},"end":{"line":63,"column":12}},"21":{"start":{"line":65,"column":10},"end":{"line":65,"column":22}},"22":{"start":{"line":69,"column":4},"end":{"line":71,"column":7}},"23":{"start":{"line":74,"column":2},"end":{"line":189,"column":4}},"24":{"start":{"line":88,"column":14},"end":{"line":88,"column":38}},"25":{"start":{"line":99,"column":14},"end":{"line":127,"column":16}},"26":{"start":{"line":120,"column":24},"end":{"line":120,"column":58}},"27":{"start":{"line":150,"column":16},"end":{"line":150,"column":30}},"28":{"start":{"line":151,"column":16},"end":{"line":151,"column":46}},"29":{"start":{"line":163,"column":16},"end":{"line":163,"column":46}},"30":{"start":{"line":180,"column":16},"end":{"line":180,"column":45}},"31":{"start":{"line":192,"column":15},"end":{"line":254,"column":2}}},"fnMap":{"0":{"name":"ParkingLot","decl":{"start":{"line":12,"column":9},"end":{"line":12,"column":19}},"loc":{"start":{"line":12,"column":41},"end":{"line":190,"column":1}},"line":12},"1":{"name":"(anonymous_1)","decl":{"start":{"line":18,"column":22},"end":{"line":18,"column":23}},"loc":{"start":{"line":18,"column":34},"end":{"line":40,"column":3}},"line":18},"2":{"name":"(anonymous_2)","decl":{"start":{"line":26,"column":33},"end":{"line":26,"column":34}},"loc":{"start":{"line":26,"column":63},"end":{"line":38,"column":7}},"line":26},"3":{"name":"(anonymous_3)","decl":{"start":{"line":42,"column":32},"end":{"line":42,"column":33}},"loc":{"start":{"line":42,"column":44},"end":{"line":54,"column":3}},"line":42},"4":{"name":"(anonymous_4)","decl":{"start":{"line":45,"column":6},"end":{"line":45,"column":7}},"loc":{"start":{"line":45,"column":21},"end":{"line":47,"column":7}},"line":45},"5":{"name":"(anonymous_5)","decl":{"start":{"line":56,"column":26},"end":{"line":56,"column":27}},"loc":{"start":{"line":56,"column":48},"end":{"line":72,"column":3}},"line":56},"6":{"name":"(anonymous_6)","decl":{"start":{"line":58,"column":33},"end":{"line":58,"column":34}},"loc":{"start":{"line":58,"column":63},"end":{"line":67,"column":7}},"line":58},"7":{"name":"(anonymous_7)","decl":{"start":{"line":87,"column":21},"end":{"line":87,"column":22}},"loc":{"start":{"line":87,"column":27},"end":{"line":89,"column":13}},"line":87},"8":{"name":"(anonymous_8)","decl":{"start":{"line":98,"column":24},"end":{"line":98,"column":25}},"loc":{"start":{"line":98,"column":38},"end":{"line":128,"column":13}},"line":98},"9":{"name":"(anonymous_9)","decl":{"start":{"line":119,"column":31},"end":{"line":119,"column":32}},"loc":{"start":{"line":119,"column":37},"end":{"line":121,"column":23}},"line":119},"10":{"name":"(anonymous_10)","decl":{"start":{"line":149,"column":23},"end":{"line":149,"column":24}},"loc":{"start":{"line":149,"column":29},"end":{"line":152,"column":15}},"line":149},"11":{"name":"(anonymous_11)","decl":{"start":{"line":162,"column":23},"end":{"line":162,"column":24}},"loc":{"start":{"line":162,"column":29},"end":{"line":164,"column":15}},"line":162},"12":{"name":"(anonymous_12)","decl":{"start":{"line":179,"column":23},"end":{"line":179,"column":24}},"loc":{"start":{"line":179,"column":29},"end":{"line":181,"column":15}},"line":179}},"branchMap":{"0":{"loc":{"start":{"line":27,"column":8},"end":{"line":37,"column":9}},"type":"if","locations":[{"start":{"line":27,"column":8},"end":{"line":37,"column":9}},{"start":{"line":35,"column":15},"end":{"line":37,"column":9}}],"line":27},"1":{"loc":{"start":{"line":49,"column":4},"end":{"line":53,"column":5}},"type":"if","locations":[{"start":{"line":49,"column":4},"end":{"line":53,"column":5}},{"start":{"line":51,"column":11},"end":{"line":53,"column":5}}],"line":49},"2":{"loc":{"start":{"line":59,"column":8},"end":{"line":66,"column":9}},"type":"if","locations":[{"start":{"line":59,"column":8},"end":{"line":66,"column":9}},{"start":{"line":64,"column":15},"end":{"line":66,"column":9}}],"line":59},"3":{"loc":{"start":{"line":78,"column":19},"end":{"line":78,"column":78}},"type":"cond-expr","locations":[{"start":{"line":78,"column":63},"end":{"line":78,"column":69}},{"start":{"line":78,"column":72},"end":{"line":78,"column":78}}],"line":78},"4":{"loc":{"start":{"line":78,"column":19},"end":{"line":78,"column":60}},"type":"binary-expr","locations":[{"start":{"line":78,"column":19},"end":{"line":78,"column":38}},{"start":{"line":78,"column":42},"end":{"line":78,"column":60}}],"line":78},"5":{"loc":{"start":{"line":112,"column":19},"end":{"line":125,"column":19}},"type":"binary-expr","locations":[{"start":{"line":112,"column":19},"end":{"line":112,"column":41}},{"start":{"line":113,"column":20},"end":{"line":124,"column":29}}],"line":112},"6":{"loc":{"start":{"line":132,"column":7},"end":{"line":170,"column":7}},"type":"binary-expr","locations":[{"start":{"line":132,"column":7},"end":{"line":132,"column":26}},{"start":{"line":133,"column":8},"end":{"line":169,"column":15}}],"line":132},"7":{"loc":{"start":{"line":171,"column":7},"end":{"line":187,"column":7}},"type":"binary-expr","locations":[{"start":{"line":171,"column":7},"end":{"line":171,"column":25}},{"start":{"line":172,"column":8},"end":{"line":186,"column":15}}],"line":171}},"s":{"0":11,"1":11,"2":11,"3":11,"4":11,"5":1,"6":1,"7":2,"8":1,"9":1,"10":11,"11":3,"12":3,"13":5,"14":3,"15":1,"16":2,"17":11,"18":2,"19":3,"20":2,"21":1,"22":2,"23":11,"24":3,"25":15,"26":2,"27":1,"28":1,"29":1,"30":1,"31":1},"f":{"0":11,"1":1,"2":2,"3":3,"4":5,"5":2,"6":3,"7":3,"8":15,"9":2,"10":1,"11":1,"12":1},"b":{"0":[1,1],"1":[1,2],"2":[2,1],"3":[4,7],"4":[11,8],"5":[15,9],"6":[11,3],"7":[11,1]},"_coverageSchema":"1a1c01bbd47fc00a2c39e90264f33305004495a9","hash":"c63f7c14bd0cc6ea026471cbbbb1aca48f491cc7"}
,"D:\\React-native\\parking_app\\Components\\screen\\Payment.tsx": {"path":"D:\\React-native\\parking_app\\Components\\screen\\Payment.tsx","statementMap":{"0":{"start":{"line":9,"column":21},"end":{"line":9,"column":40}},"1":{"start":{"line":12,"column":28},"end":{"line":30,"column":5}},"2":{"start":{"line":13,"column":19},"end":{"line":13,"column":40}},"3":{"start":{"line":14,"column":8},"end":{"line":28,"column":11}},"4":{"start":{"line":15,"column":12},"end":{"line":27,"column":13}},"5":{"start":{"line":16,"column":16},"end":{"line":23,"column":17}},"6":{"start":{"line":26,"column":16},"end":{"line":26,"column":28}},"7":{"start":{"line":29,"column":8},"end":{"line":29,"column":41}},"8":{"start":{"line":31,"column":4},"end":{"line":43,"column":6}},"9":{"start":{"line":40,"column":16},"end":{"line":40,"column":33}},"10":{"start":{"line":46,"column":15},"end":{"line":55,"column":2}}},"fnMap":{"0":{"name":"Payment","decl":{"start":{"line":8,"column":9},"end":{"line":8,"column":16}},"loc":{"start":{"line":8,"column":41},"end":{"line":44,"column":1}},"line":8},"1":{"name":"(anonymous_1)","decl":{"start":{"line":12,"column":28},"end":{"line":12,"column":29}},"loc":{"start":{"line":12,"column":38},"end":{"line":30,"column":5}},"line":12},"2":{"name":"(anonymous_2)","decl":{"start":{"line":14,"column":67},"end":{"line":14,"column":68}},"loc":{"start":{"line":14,"column":92},"end":{"line":28,"column":9}},"line":14},"3":{"name":"(anonymous_3)","decl":{"start":{"line":39,"column":21},"end":{"line":39,"column":22}},"loc":{"start":{"line":39,"column":25},"end":{"line":41,"column":13}},"line":39}},"branchMap":{"0":{"loc":{"start":{"line":15,"column":12},"end":{"line":27,"column":13}},"type":"if","locations":[{"start":{"line":15,"column":12},"end":{"line":27,"column":13}},{"start":{"line":25,"column":16},"end":{"line":27,"column":13}}],"line":15}},"s":{"0":2,"1":2,"2":1,"3":1,"4":2,"5":1,"6":1,"7":1,"8":2,"9":1,"10":1},"f":{"0":2,"1":1,"2":2,"3":1},"b":{"0":[1,1]},"_coverageSchema":"1a1c01bbd47fc00a2c39e90264f33305004495a9","hash":"b96331b692a683ed9639277e2fc3cbd71c7c06ea"}
,"D:\\React-native\\parking_app\\Context\\ContextProvider.tsx": {"path":"D:\\React-native\\parking_app\\Context\\ContextProvider.tsx","statementMap":{"0":{"start":{"line":4,"column":23},"end":{"line":7,"column":2}},"1":{"start":{"line":9,"column":44},"end":{"line":9,"column":54}},"2":{"start":{"line":11,"column":23},"end":{"line":14,"column":3}},"3":{"start":{"line":15,"column":2},"end":{"line":19,"column":4}}},"fnMap":{"0":{"name":"(anonymous_0)","decl":{"start":{"line":6,"column":20},"end":{"line":6,"column":21}},"loc":{"start":{"line":6,"column":32},"end":{"line":6,"column":34}},"line":6},"1":{"name":"ContextProvider","decl":{"start":{"line":8,"column":9},"end":{"line":8,"column":24}},"loc":{"start":{"line":8,"column":44},"end":{"line":20,"column":1}},"line":8}},"branchMap":{},"s":{"0":5,"1":1,"2":1,"3":1},"f":{"0":1,"1":1},"b":{},"_coverageSchema":"1a1c01bbd47fc00a2c39e90264f33305004495a9","hash":"1cc9151a0bf0f44e292e0c23706d05b891fbee7f"}
,"D:\\React-native\\parking_app\\action\\postApi.ts": {"path":"D:\\React-native\\parking_app\\action\\postApi.ts","statementMap":{"0":{"start":{"line":3,"column":16},"end":{"line":5,"column":2}},"1":{"start":{"line":8,"column":15},"end":{"line":8,"column":66}},"2":{"start":{"line":9,"column":2},"end":{"line":9,"column":41}}},"fnMap":{"0":{"name":"postData","decl":{"start":{"line":7,"column":16},"end":{"line":7,"column":24}},"loc":{"start":{"line":7,"column":46},"end":{"line":10,"column":1}},"line":7}},"branchMap":{},"s":{"0":1,"1":1,"2":1},"f":{"0":1},"b":{},"_coverageSchema":"1a1c01bbd47fc00a2c39e90264f33305004495a9","hash":"5a5681d16aa54ba8204575f361741f4a449176fa"}
}
