TN:
SF:Components\screen\CheckOut.tsx
FN:7,CheckOut
FN:13,(anonymous_1)
FN:29,(anonymous_2)
FN:37,(anonymous_3)
FN:54,(anonymous_4)
FNF:5
FNH:5
FNDA:6,CheckOut
FNDA:2,(anonymous_1)
FNDA:1,(anonymous_2)
FNDA:2,(anonymous_3)
FNDA:1,(anonymous_4)
DA:8,6
DA:9,6
DA:10,6
DA:13,6
DA:14,2
DA:15,2
DA:16,2
DA:17,2
DA:18,2
DA:19,2
DA:20,2
DA:21,2
DA:24,0
DA:29,6
DA:30,1
DA:31,1
DA:37,6
DA:38,2
DA:41,6
DA:55,1
DA:62,1
LF:21
LH:20
BRDA:20,0,0,2
BRDA:20,0,1,0
BRDA:45,1,0,4
BRDA:45,1,1,2
BRDA:46,2,0,4
BRDA:46,2,1,2
BRDA:47,3,0,4
BRDA:47,3,1,2
BRDA:48,4,0,4
BRDA:48,4,1,2
BRF:10
BRH:9
end_of_record
TN:
SF:Components\screen\HomePage.tsx
FN:6,HomePage
FN:10,(anonymous_1)
FN:45,(anonymous_2)
FNF:3
FNH:3
FNDA:2,HomePage
FNDA:1,(anonymous_1)
FNDA:1,(anonymous_2)
DA:7,2
DA:8,2
DA:10,2
DA:11,1
DA:12,1
DA:13,1
DA:21,1
DA:23,1
DA:24,1
DA:25,1
DA:28,2
DA:46,1
DA:56,1
LF:13
LH:13
BRF:0
BRH:0
end_of_record
TN:
SF:Components\screen\ParkingLot.tsx
FN:12,ParkingLot
FN:18,(anonymous_1)
FN:26,(anonymous_2)
FN:42,(anonymous_3)
FN:45,(anonymous_4)
FN:56,(anonymous_5)
FN:58,(anonymous_6)
FN:87,(anonymous_7)
FN:98,(anonymous_8)
FN:119,(anonymous_9)
FN:149,(anonymous_10)
FN:162,(anonymous_11)
FN:179,(anonymous_12)
FNF:13
FNH:13
FNDA:11,ParkingLot
FNDA:1,(anonymous_1)
FNDA:2,(anonymous_2)
FNDA:3,(anonymous_3)
FNDA:5,(anonymous_4)
FNDA:2,(anonymous_5)
FNDA:3,(anonymous_6)
FNDA:3,(anonymous_7)
FNDA:15,(anonymous_8)
FNDA:2,(anonymous_9)
FNDA:1,(anonymous_10)
FNDA:1,(anonymous_11)
FNDA:1,(anonymous_12)
DA:13,11
DA:14,11
DA:15,11
DA:16,11
DA:18,11
DA:22,1
DA:25,1
DA:27,2
DA:28,1
DA:36,1
DA:42,11
DA:43,3
DA:44,3
DA:46,5
DA:49,3
DA:50,1
DA:52,2
DA:56,11
DA:57,2
DA:59,3
DA:60,2
DA:65,1
DA:69,2
DA:74,11
DA:88,3
DA:99,15
DA:120,2
DA:150,1
DA:151,1
DA:163,1
DA:180,1
DA:192,1
LF:32
LH:32
BRDA:27,0,0,1
BRDA:27,0,1,1
BRDA:49,1,0,1
BRDA:49,1,1,2
BRDA:59,2,0,2
BRDA:59,2,1,1
BRDA:78,3,0,4
BRDA:78,3,1,7
BRDA:78,4,0,11
BRDA:78,4,1,8
BRDA:112,5,0,15
BRDA:112,5,1,9
BRDA:132,6,0,11
BRDA:132,6,1,3
BRDA:171,7,0,11
BRDA:171,7,1,1
BRF:16
BRH:16
end_of_record
TN:
SF:Components\screen\Payment.tsx
FN:8,Payment
FN:12,(anonymous_1)
FN:14,(anonymous_2)
FN:39,(anonymous_3)
FNF:4
FNH:4
FNDA:2,Payment
FNDA:1,(anonymous_1)
FNDA:2,(anonymous_2)
FNDA:1,(anonymous_3)
DA:9,2
DA:12,2
DA:13,1
DA:14,1
DA:15,2
DA:16,1
DA:26,1
DA:29,1
DA:31,2
DA:40,1
DA:46,1
LF:11
LH:11
BRDA:15,0,0,1
BRDA:15,0,1,1
BRF:2
BRH:2
end_of_record
TN:
SF:Context\ContextProvider.tsx
FN:6,(anonymous_0)
FN:8,ContextProvider
FNF:2
FNH:2
FNDA:1,(anonymous_0)
FNDA:1,ContextProvider
DA:4,5
DA:9,1
DA:11,1
DA:15,1
LF:4
LH:4
BRF:0
BRH:0
end_of_record
TN:
SF:action\postApi.ts
FN:7,postData
FNF:1
FNH:1
FNDA:1,postData
DA:3,1
DA:8,1
DA:9,1
LF:3
LH:3
BRF:0
BRH:0
end_of_record
