TN:
SF:Components\Payment.tsx
FN:8,Payment
FN:12,(anonymous_1)
FN:14,(anonymous_2)
FN:39,(anonymous_3)
FNF:4
FNH:4
FNDA:2,Payment
FNDA:1,(anonymous_1)
FNDA:2,(anonymous_2)
FNDA:1,(anonymous_3)
DA:9,2
DA:12,2
DA:13,1
DA:14,1
DA:15,2
DA:16,1
DA:26,1
DA:29,1
DA:31,2
DA:40,1
DA:46,1
LF:11
LH:11
BRDA:15,0,0,1
BRDA:15,0,1,1
BRF:2
BRH:2
end_of_record
TN:
SF:Components\screen\CheckOut.tsx
FN:8,CheckOut
FN:14,(anonymous_1)
FN:30,(anonymous_2)
FN:38,(anonymous_3)
FN:56,(anonymous_4)
FNF:5
FNH:5
FNDA:6,CheckOut
FNDA:2,(anonymous_1)
FNDA:1,(anonymous_2)
FNDA:2,(anonymous_3)
FNDA:1,(anonymous_4)
DA:9,6
DA:10,6
DA:11,6
DA:14,6
DA:15,2
DA:16,2
DA:17,2
DA:18,2
DA:19,2
DA:20,2
DA:21,2
DA:22,2
DA:25,0
DA:30,6
DA:31,1
DA:32,1
DA:38,6
DA:39,2
DA:42,6
DA:57,1
DA:65,1
LF:21
LH:20
BRDA:21,0,0,2
BRDA:21,0,1,0
BRDA:46,1,0,4
BRDA:46,1,1,2
BRDA:47,2,0,4
BRDA:47,2,1,2
BRDA:48,3,0,4
BRDA:48,3,1,2
BRDA:49,4,0,4
BRDA:49,4,1,2
BRF:10
BRH:9
end_of_record
TN:
SF:Components\screen\HomePage.tsx
FN:7,HomePage
FN:12,(anonymous_1)
FN:46,(anonymous_2)
FNF:3
FNH:3
FNDA:2,HomePage
FNDA:1,(anonymous_1)
FNDA:1,(anonymous_2)
DA:8,2
DA:10,2
DA:12,2
DA:13,1
DA:14,1
DA:15,1
DA:23,1
DA:25,1
DA:26,1
DA:27,1
DA:30,2
DA:47,1
DA:54,1
LF:13
LH:13
BRF:0
BRH:0
end_of_record
TN:
SF:Components\screen\ParkingLot.tsx
FN:7,ParkingLot
FN:13,(anonymous_1)
FN:19,(anonymous_2)
FN:35,(anonymous_3)
FN:38,(anonymous_4)
FN:49,(anonymous_5)
FN:51,(anonymous_6)
FN:80,(anonymous_7)
FN:93,(anonymous_8)
FN:112,(anonymous_9)
FN:142,(anonymous_10)
FN:155,(anonymous_11)
FN:170,(anonymous_12)
FNF:13
FNH:13
FNDA:11,ParkingLot
FNDA:1,(anonymous_1)
FNDA:2,(anonymous_2)
FNDA:3,(anonymous_3)
FNDA:5,(anonymous_4)
FNDA:2,(anonymous_5)
FNDA:3,(anonymous_6)
FNDA:3,(anonymous_7)
FNDA:15,(anonymous_8)
FNDA:2,(anonymous_9)
FNDA:1,(anonymous_10)
FNDA:1,(anonymous_11)
FNDA:1,(anonymous_12)
DA:8,11
DA:9,11
DA:10,11
DA:11,11
DA:13,11
DA:17,1
DA:18,1
DA:20,2
DA:21,1
DA:29,1
DA:35,11
DA:36,3
DA:37,3
DA:39,5
DA:42,3
DA:43,1
DA:45,2
DA:49,11
DA:50,2
DA:52,3
DA:53,2
DA:58,1
DA:62,2
DA:67,11
DA:81,3
DA:94,15
DA:113,2
DA:143,1
DA:144,1
DA:156,1
DA:171,1
DA:183,1
LF:32
LH:32
BRDA:20,0,0,1
BRDA:20,0,1,1
BRDA:42,1,0,1
BRDA:42,1,1,2
BRDA:52,2,0,2
BRDA:52,2,1,1
BRDA:71,3,0,4
BRDA:71,3,1,7
BRDA:71,4,0,11
BRDA:71,4,1,8
BRDA:105,5,0,15
BRDA:105,5,1,9
BRDA:125,6,0,11
BRDA:125,6,1,3
BRDA:162,7,0,11
BRDA:162,7,1,1
BRF:16
BRH:16
end_of_record
TN:
SF:Context\Context.tsx
FN:6,(anonymous_0)
FN:8,ContextProvider
FNF:2
FNH:2
FNDA:1,(anonymous_0)
FNDA:1,ContextProvider
DA:4,5
DA:9,1
DA:11,1
DA:15,1
LF:4
LH:4
BRF:0
BRH:0
end_of_record
TN:
SF:action\postApi.ts
FN:7,postData
FNF:1
FNH:1
FNDA:1,postData
DA:3,1
DA:8,1
DA:9,1
LF:3
LH:3
BRF:0
BRH:0
end_of_record
